<?xml version="1.0" encoding="UTF-8"?>
<testsuites name="Mocha Tests" time="2.172" tests="1" failures="1">
  <testsuite name="Root Suite" timestamp="2023-10-03T23:17:47" tests="0" file="cypress/e2e/root-0/index.cy.ts" time="0.000" failures="0">
  </testsuite>
  <testsuite name="Home Page" timestamp="2023-10-03T23:17:47" tests="0" time="0.000" failures="0">
  </testsuite>
  <testsuite name="Login Users" timestamp="2023-10-03T23:17:47" tests="1" time="2.171" failures="1">
    <testcase name="Home Page Login Users Visit home page" time="0.688" classname="Visit home page">
      <failure message="`cy.visit()` failed trying to load:

http://localhost:9000/

We attempted to make an http request to this URL but the request failed without a response.

We received this error at the network level:

  &gt; Error: read ECONNRESET

Common situations why this would fail:
  - you don&apos;t have internet access
  - you forgot to run / boot your web server
  - your web server isn&apos;t accessible
  - you have weird network configuration settings on your computer" type="CypressError"><![CDATA[CypressError: `cy.visit()` failed trying to load:

http://localhost:9000/

We attempted to make an http request to this URL but the request failed without a response.

We received this error at the network level:

  > Error: read ECONNRESET

Common situations why this would fail:
  - you don't have internet access
  - you forgot to run / boot your web server
  - your web server isn't accessible
  - you have weird network configuration settings on your computer
    at <unknown> (http://localhost:9000/__cypress/runner/cypress_runner.js:130996:74)
    at visitFailedByErr (http://localhost:9000/__cypress/runner/cypress_runner.js:130388:12)
    at <unknown> (http://localhost:9000/__cypress/runner/cypress_runner.js:130995:11)
    at tryCatcher (http://localhost:9000/__cypress/runner/cypress_runner.js:1807:23)
    at Promise._settlePromiseFromHandler (http://localhost:9000/__cypress/runner/cypress_runner.js:1519:31)
    at Promise._settlePromise (http://localhost:9000/__cypress/runner/cypress_runner.js:1576:18)
    at Promise._settlePromise0 (http://localhost:9000/__cypress/runner/cypress_runner.js:1621:10)
    at Promise._settlePromises (http://localhost:9000/__cypress/runner/cypress_runner.js:1697:18)
    at _drainQueueStep (http://localhost:9000/__cypress/runner/cypress_runner.js:2407:12)
    at _drainQueue (http://localhost:9000/__cypress/runner/cypress_runner.js:2400:9)
    at Async._drainQueues (http://localhost:9000/__cypress/runner/cypress_runner.js:2416:5)
    at Async.drainQueues (http://localhost:9000/__cypress/runner/cypress_runner.js:2286:14)
From Your Spec Code:
    at Context.eval (webpack://saa-alumni/./cypress/e2e/root-0/index.cy.ts:5:9)

From Node.js Internals:
  Error: read ECONNRESET
      at TCP.onStreamRead (node:internal/stream_base_commons:217:20)]]></failure>
    </testcase>
  </testsuite>
</testsuites>